2025-11-11T20:38:02.427535Z TRACE tycho_collator::collator::messages_reader::externals_reader::tests: anchor (id: 4, chain_time: 6944, externals_count: 4): has_externals for shard 0:8000000000000000: true, externals dst: [0:0101010101010101010101010101010101010101010101010101010101010101, 0:0202020202020202020202020202020202020202020202020202020202020202, 0:0303030303030303030303030303030303030303030303030303030303030303, -1:0404040404040404040404040404040404040404040404040404040404040404]
2025-11-11T20:38:02.427591Z TRACE tycho_collator::collator::messages_reader::externals_reader::tests: anchor (id: 8, chain_time: 13888, externals_count: 8): has_externals for shard 0:8000000000000000: true, externals dst: [0:0101010101010101010101010101010101010101010101010101010101010101, 0:0202020202020202020202020202020202020202020202020202020202020202, 0:0303030303030303030303030303030303030303030303030303030303030303, -1:0404040404040404040404040404040404040404040404040404040404040404, 0:0505050505050505050505050505050505050505050505050505050505050505, 0:0606060606060606060606060606060606060606060606060606060606060606, -1:0101010101010101010101010101010101010101010101010101010101010101, 0:0202020202020202020202020202020202020202020202020202020202020202]
2025-11-11T20:38:02.427621Z TRACE tycho_collator::collator::messages_reader::externals_reader::tests: anchor (id: 12, chain_time: 20832, externals_count: 2): has_externals for shard 0:8000000000000000: true, externals dst: [0:0101010101010101010101010101010101010101010101010101010101010101, 0:0202020202020202020202020202020202020202020202020202020202020202]
2025-11-11T20:38:02.427641Z TRACE tycho_collator::collator::messages_reader::externals_reader::tests: anchor (id: 16, chain_time: 27776, externals_count: 6): has_externals for shard 0:8000000000000000: true, externals dst: [0:0101010101010101010101010101010101010101010101010101010101010101, 0:0202020202020202020202020202020202020202020202020202020202020202, 0:0303030303030303030303030303030303030303030303030303030303030303, -1:0404040404040404040404040404040404040404040404040404040404040404, 0:0505050505050505050505050505050505050505050505050505050505050505, 0:0606060606060606060606060606060606060606060606060606060606060606]
2025-11-11T20:38:02.427659Z TRACE tycho_collator::collator::messages_reader::externals_reader::tests: anchor (id: 24, chain_time: 41664, externals_count: 4): has_externals for shard 0:8000000000000000: true, externals dst: [0:0101010101010101010101010101010101010101010101010101010101010101, 0:0202020202020202020202020202020202020202020202020202020202020202, 0:0303030303030303030303030303030303030303030303030303030303030303, -1:0404040404040404040404040404040404040404040404040404040404040404]
2025-11-11T20:38:02.427676Z TRACE tycho_collator::collator::messages_reader::externals_reader::tests: anchor (id: 28, chain_time: 48608, externals_count: 8): has_externals for shard 0:8000000000000000: true, externals dst: [0:0101010101010101010101010101010101010101010101010101010101010101, 0:0202020202020202020202020202020202020202020202020202020202020202, 0:0303030303030303030303030303030303030303030303030303030303030303, -1:0404040404040404040404040404040404040404040404040404040404040404, 0:0505050505050505050505050505050505050505050505050505050505050505, 0:0606060606060606060606060606060606060606060606060606060606060606, -1:0101010101010101010101010101010101010101010101010101010101010101, 0:0202020202020202020202020202020202020202020202020202020202020202]
2025-11-11T20:38:02.427695Z TRACE tycho_collator::collator::messages_reader::externals_reader::tests: anchor (id: 32, chain_time: 55552, externals_count: 2): has_externals for shard 0:8000000000000000: true, externals dst: [0:0101010101010101010101010101010101010101010101010101010101010101, 0:0202020202020202020202020202020202020202020202020202020202020202]
2025-11-11T20:38:02.427709Z TRACE tycho_collator::collator::messages_reader::externals_reader::tests: anchor (id: 36, chain_time: 62496, externals_count: 6): has_externals for shard 0:8000000000000000: true, externals dst: [0:0101010101010101010101010101010101010101010101010101010101010101, 0:0202020202020202020202020202020202020202020202020202020202020202, 0:0303030303030303030303030303030303030303030303030303030303030303, -1:0404040404040404040404040404040404040404040404040404040404040404, 0:0505050505050505050505050505050505050505050505050505050505050505, 0:0606060606060606060606060606060606060606060606060606060606060606]
2025-11-11T20:38:02.427718Z TRACE tycho_collator::collator::messages_reader::externals_reader::tests: anchor (id: 44, chain_time: 76384, externals_count: 4): has_externals for shard 0:8000000000000000: true, externals dst: [0:0101010101010101010101010101010101010101010101010101010101010101, 0:0202020202020202020202020202020202020202020202020202020202020202, 0:0303030303030303030303030303030303030303030303030303030303030303, -1:0404040404040404040404040404040404040404040404040404040404040404]
2025-11-11T20:38:02.427734Z TRACE tycho_collator::collator::messages_reader::externals_reader::tests: anchor (id: 48, chain_time: 83328, externals_count: 8): has_externals for shard 0:8000000000000000: true, externals dst: [0:0101010101010101010101010101010101010101010101010101010101010101, 0:0202020202020202020202020202020202020202020202020202020202020202, 0:0303030303030303030303030303030303030303030303030303030303030303, -1:0404040404040404040404040404040404040404040404040404040404040404, 0:0505050505050505050505050505050505050505050505050505050505050505, 0:0606060606060606060606060606060606060606060606060606060606060606, -1:0101010101010101010101010101010101010101010101010101010101010101, 0:0202020202020202020202020202020202020202020202020202020202020202]
2025-11-11T20:38:02.427752Z TRACE tycho_collator::collator::messages_reader::externals_reader::tests: anchor (id: 52, chain_time: 90272, externals_count: 2): has_externals for shard 0:8000000000000000: true, externals dst: [0:0101010101010101010101010101010101010101010101010101010101010101, 0:0202020202020202020202020202020202020202020202020202020202020202]
2025-11-11T20:38:02.427758Z TRACE tycho_collator::collator::messages_reader::externals_reader::tests: anchor (id: 56, chain_time: 97216, externals_count: 6): has_externals for shard 0:8000000000000000: true, externals dst: [0:0101010101010101010101010101010101010101010101010101010101010101, 0:0202020202020202020202020202020202020202020202020202020202020202, 0:0303030303030303030303030303030303030303030303030303030303030303, -1:0404040404040404040404040404040404040404040404040404040404040404, 0:0505050505050505050505050505050505050505050505050505050505050505, 0:0606060606060606060606060606060606060606060606060606060606060606]
2025-11-11T20:38:02.427775Z TRACE tycho_collator::collator::messages_reader::externals_reader::tests: anchor (id: 64, chain_time: 111104, externals_count: 4): has_externals for shard 0:8000000000000000: true, externals dst: [0:0101010101010101010101010101010101010101010101010101010101010101, 0:0202020202020202020202020202020202020202020202020202020202020202, 0:0303030303030303030303030303030303030303030303030303030303030303, -1:0404040404040404040404040404040404040404040404040404040404040404]
2025-11-11T20:38:02.427796Z TRACE tycho_collator::collator::messages_reader::externals_reader::tests: anchor (id: 68, chain_time: 118048, externals_count: 8): has_externals for shard 0:8000000000000000: true, externals dst: [0:0101010101010101010101010101010101010101010101010101010101010101, 0:0202020202020202020202020202020202020202020202020202020202020202, 0:0303030303030303030303030303030303030303030303030303030303030303, -1:0404040404040404040404040404040404040404040404040404040404040404, 0:0505050505050505050505050505050505050505050505050505050505050505, 0:0606060606060606060606060606060606060606060606060606060606060606, -1:0101010101010101010101010101010101010101010101010101010101010101, 0:0202020202020202020202020202020202020202020202020202020202020202]
2025-11-11T20:38:02.427812Z TRACE tycho_collator::collator::messages_reader::externals_reader::tests: anchor (id: 72, chain_time: 124992, externals_count: 2): has_externals for shard 0:8000000000000000: true, externals dst: [0:0101010101010101010101010101010101010101010101010101010101010101, 0:0202020202020202020202020202020202020202020202020202020202020202]
2025-11-11T20:38:02.427824Z TRACE tycho_collator::collator::messages_reader::externals_reader::tests: anchor (id: 76, chain_time: 131936, externals_count: 6): has_externals for shard 0:8000000000000000: true, externals dst: [0:0101010101010101010101010101010101010101010101010101010101010101, 0:0202020202020202020202020202020202020202020202020202020202020202, 0:0303030303030303030303030303030303030303030303030303030303030303, -1:0404040404040404040404040404040404040404040404040404040404040404, 0:0505050505050505050505050505050505050505050505050505050505050505, 0:0606060606060606060606060606060606060606060606060606060606060606]
dst_addrs: [-1:0101010101010101010101010101010101010101010101010101010101010101, -1:0404040404040404040404040404040404040404040404040404040404040404, 0:0101010101010101010101010101010101010101010101010101010101010101, 0:0202020202020202020202020202020202020202020202020202020202020202, 0:0303030303030303030303030303030303030303030303030303030303030303, 0:0505050505050505050505050505050505050505050505050505050505050505, 0:0606060606060606060606060606060606060606060606060606060606060606]
read 1 for block  1
2025-11-11T20:38:02.428091Z DEBUG create_next_externals_range_reader: collator: externals reader: created next range reader seqno=1 fully_read=false reader_state= { range: ExternalsReaderRange { from: (0, 0), to: (0, 0), current_position: (0, 0), chain_time: 76384 }, by_partitions: [(0,  { skip_offset: 0, processed_offset: 0, buffer.msgs_count: 0 }), (1,  { skip_offset: 0, processed_offset: 0, buffer.msgs_count: 0 })] }
2025-11-11T20:38:02.428121Z TRACE collator: externals reader: try to read externals from range, seqno=1 fully_read=false range_reader_state= { range: ExternalsReaderRange { from: (0, 0), to: (0, 0), current_position: (0, 0), chain_time: 76384 }, by_partitions: [(0,  { skip_offset: 0, processed_offset: 0, buffer.msgs_count: 0 }), (1,  { skip_offset: 0, processed_offset: 0, buffer.msgs_count: 0 })] }
2025-11-11T20:38:02.428146Z  INFO read_externals_into_buffers: collator::read_next_externals: read externals next_chain_time=76384 read_mode=ToTheEnd fully_read=false
2025-11-11T20:38:02.428164Z DEBUG read_externals_into_buffers: collator::read_next_externals: last_read_anchor_id=4 last_read_anchor_chain_time=6944
2025-11-11T20:38:02.428175Z DEBUG read_externals_into_buffers: collator::read_next_externals: externals count: 4 anchor_id=4 msgs_read_offset_in_last_anchor=0
2025-11-11T20:38:02.428181Z TRACE read_externals_into_buffers: collator::read_next_externals: read ext_msg dst: 0:0101010101010101010101010101010101010101010101010101010101010101 anchor_id=4
2025-11-11T20:38:02.428211Z TRACE read_externals_into_buffers: collator::read_next_externals: imported ext_msg dst: 0:0101010101010101010101010101010101010101010101010101010101010101 anchor_id=4
2025-11-11T20:38:02.428222Z TRACE read_externals_into_buffers: collator::read_next_externals: read ext_msg dst: 0:0202020202020202020202020202020202020202020202020202020202020202 anchor_id=4
2025-11-11T20:38:02.428231Z TRACE read_externals_into_buffers: collator::read_next_externals: imported ext_msg dst: 0:0202020202020202020202020202020202020202020202020202020202020202 anchor_id=4
2025-11-11T20:38:02.428240Z TRACE read_externals_into_buffers: collator::read_next_externals: read ext_msg dst: 0:0303030303030303030303030303030303030303030303030303030303030303 anchor_id=4
2025-11-11T20:38:02.428248Z TRACE read_externals_into_buffers: collator::read_next_externals: imported ext_msg dst: 0:0303030303030303030303030303030303030303030303030303030303030303 anchor_id=4
2025-11-11T20:38:02.428257Z TRACE read_externals_into_buffers: collator::read_next_externals: read ext_msg dst: -1:0404040404040404040404040404040404040404040404040404040404040404 anchor_id=4
2025-11-11T20:38:02.428269Z DEBUG read_externals_into_buffers: collator::read_next_externals: anchor_id=4 msgs_read_offset_in_last_anchor=4 msgs_imported_from_last_anchor=3
2025-11-11T20:38:02.428281Z DEBUG read_externals_into_buffers: collator::read_next_externals: anchor just fully read, removed from anchors cache anchor_id=4
2025-11-11T20:38:02.428292Z DEBUG read_externals_into_buffers: collator::read_next_externals: last_read_anchor_id=8 last_read_anchor_chain_time=13888
2025-11-11T20:38:02.428297Z DEBUG read_externals_into_buffers: collator::read_next_externals: externals count: 8 anchor_id=8 msgs_read_offset_in_last_anchor=0
2025-11-11T20:38:02.428301Z TRACE read_externals_into_buffers: collator::read_next_externals: read ext_msg dst: 0:0101010101010101010101010101010101010101010101010101010101010101 anchor_id=8
2025-11-11T20:38:02.428310Z TRACE read_externals_into_buffers: collator::read_next_externals: imported ext_msg dst: 0:0101010101010101010101010101010101010101010101010101010101010101 anchor_id=8
2025-11-11T20:38:02.428320Z TRACE read_externals_into_buffers: collator::read_next_externals: read ext_msg dst: 0:0202020202020202020202020202020202020202020202020202020202020202 anchor_id=8
2025-11-11T20:38:02.428326Z TRACE read_externals_into_buffers: collator::read_next_externals: imported ext_msg dst: 0:0202020202020202020202020202020202020202020202020202020202020202 anchor_id=8
2025-11-11T20:38:02.428336Z TRACE read_externals_into_buffers: collator::read_next_externals: read ext_msg dst: 0:0303030303030303030303030303030303030303030303030303030303030303 anchor_id=8
2025-11-11T20:38:02.428342Z TRACE read_externals_into_buffers: collator::read_next_externals: imported ext_msg dst: 0:0303030303030303030303030303030303030303030303030303030303030303 anchor_id=8
2025-11-11T20:38:02.428345Z TRACE read_externals_into_buffers: collator::read_next_externals: read ext_msg dst: -1:0404040404040404040404040404040404040404040404040404040404040404 anchor_id=8
2025-11-11T20:38:02.428348Z TRACE read_externals_into_buffers: collator::read_next_externals: read ext_msg dst: 0:0505050505050505050505050505050505050505050505050505050505050505 anchor_id=8
2025-11-11T20:38:02.428353Z TRACE read_externals_into_buffers: collator::read_next_externals: imported ext_msg dst: 0:0505050505050505050505050505050505050505050505050505050505050505 anchor_id=8
2025-11-11T20:38:02.428366Z TRACE read_externals_into_buffers: collator::read_next_externals: read ext_msg dst: 0:0606060606060606060606060606060606060606060606060606060606060606 anchor_id=8
2025-11-11T20:38:02.428382Z TRACE read_externals_into_buffers: collator::read_next_externals: imported ext_msg dst: 0:0606060606060606060606060606060606060606060606060606060606060606 anchor_id=8
2025-11-11T20:38:02.428394Z TRACE read_externals_into_buffers: collator::read_next_externals: read ext_msg dst: -1:0101010101010101010101010101010101010101010101010101010101010101 anchor_id=8
2025-11-11T20:38:02.428405Z TRACE read_externals_into_buffers: collator::read_next_externals: read ext_msg dst: 0:0202020202020202020202020202020202020202020202020202020202020202 anchor_id=8
2025-11-11T20:38:02.428420Z TRACE read_externals_into_buffers: collator::read_next_externals: imported ext_msg dst: 0:0202020202020202020202020202020202020202020202020202020202020202 anchor_id=8
2025-11-11T20:38:02.428426Z DEBUG read_externals_into_buffers: collator::read_next_externals: anchor_id=8 msgs_read_offset_in_last_anchor=8 msgs_imported_from_last_anchor=6
2025-11-11T20:38:02.428430Z DEBUG read_externals_into_buffers: collator::read_next_externals: anchor just fully read, removed from anchors cache anchor_id=8
2025-11-11T20:38:02.428433Z DEBUG read_externals_into_buffers: collator::read_next_externals: last_read_anchor_id=12 last_read_anchor_chain_time=20832
2025-11-11T20:38:02.428436Z DEBUG read_externals_into_buffers: collator::read_next_externals: externals count: 2 anchor_id=12 msgs_read_offset_in_last_anchor=0
2025-11-11T20:38:02.428440Z TRACE read_externals_into_buffers: collator::read_next_externals: read ext_msg dst: 0:0101010101010101010101010101010101010101010101010101010101010101 anchor_id=12
2025-11-11T20:38:02.428446Z TRACE read_externals_into_buffers: collator::read_next_externals: imported ext_msg dst: 0:0101010101010101010101010101010101010101010101010101010101010101 anchor_id=12
2025-11-11T20:38:02.428459Z TRACE read_externals_into_buffers: collator::read_next_externals: read ext_msg dst: 0:0202020202020202020202020202020202020202020202020202020202020202 anchor_id=12
2025-11-11T20:38:02.428472Z TRACE read_externals_into_buffers: collator::read_next_externals: imported ext_msg dst: 0:0202020202020202020202020202020202020202020202020202020202020202 anchor_id=12
2025-11-11T20:38:02.428486Z DEBUG read_externals_into_buffers: collator::read_next_externals: anchor_id=12 msgs_read_offset_in_last_anchor=2 msgs_imported_from_last_anchor=2
2025-11-11T20:38:02.428496Z DEBUG read_externals_into_buffers: collator::read_next_externals: anchor just fully read, removed from anchors cache anchor_id=12
2025-11-11T20:38:02.428506Z DEBUG read_externals_into_buffers: collator::read_next_externals: last_read_anchor_id=16 last_read_anchor_chain_time=27776
2025-11-11T20:38:02.428516Z DEBUG read_externals_into_buffers: collator::read_next_externals: externals count: 6 anchor_id=16 msgs_read_offset_in_last_anchor=0
2025-11-11T20:38:02.428521Z TRACE read_externals_into_buffers: collator::read_next_externals: read ext_msg dst: 0:0101010101010101010101010101010101010101010101010101010101010101 anchor_id=16
2025-11-11T20:38:02.428533Z TRACE read_externals_into_buffers: collator::read_next_externals: imported ext_msg dst: 0:0101010101010101010101010101010101010101010101010101010101010101 anchor_id=16
2025-11-11T20:38:02.428544Z TRACE read_externals_into_buffers: collator::read_next_externals: read ext_msg dst: 0:0202020202020202020202020202020202020202020202020202020202020202 anchor_id=16
2025-11-11T20:38:02.428557Z TRACE read_externals_into_buffers: collator::read_next_externals: imported ext_msg dst: 0:0202020202020202020202020202020202020202020202020202020202020202 anchor_id=16
2025-11-11T20:38:02.428562Z TRACE read_externals_into_buffers: collator::read_next_externals: read ext_msg dst: 0:0303030303030303030303030303030303030303030303030303030303030303 anchor_id=16
2025-11-11T20:38:02.428574Z TRACE read_externals_into_buffers: collator::read_next_externals: imported ext_msg dst: 0:0303030303030303030303030303030303030303030303030303030303030303 anchor_id=16
2025-11-11T20:38:02.428585Z TRACE read_externals_into_buffers: collator::read_next_externals: read ext_msg dst: -1:0404040404040404040404040404040404040404040404040404040404040404 anchor_id=16
2025-11-11T20:38:02.428598Z TRACE read_externals_into_buffers: collator::read_next_externals: read ext_msg dst: 0:0505050505050505050505050505050505050505050505050505050505050505 anchor_id=16
2025-11-11T20:38:02.428613Z TRACE read_externals_into_buffers: collator::read_next_externals: imported ext_msg dst: 0:0505050505050505050505050505050505050505050505050505050505050505 anchor_id=16
2025-11-11T20:38:02.428624Z TRACE read_externals_into_buffers: collator::read_next_externals: read ext_msg dst: 0:0606060606060606060606060606060606060606060606060606060606060606 anchor_id=16
2025-11-11T20:38:02.428640Z TRACE read_externals_into_buffers: collator::read_next_externals: imported ext_msg dst: 0:0606060606060606060606060606060606060606060606060606060606060606 anchor_id=16
2025-11-11T20:38:02.428652Z DEBUG read_externals_into_buffers: collator::read_next_externals: anchor_id=16 msgs_read_offset_in_last_anchor=6 msgs_imported_from_last_anchor=5
2025-11-11T20:38:02.428656Z DEBUG read_externals_into_buffers: collator::read_next_externals: anchor just fully read, removed from anchors cache anchor_id=16
2025-11-11T20:38:02.428659Z DEBUG read_externals_into_buffers: collator::read_next_externals: last_read_anchor_id=24 last_read_anchor_chain_time=41664
2025-11-11T20:38:02.428662Z DEBUG read_externals_into_buffers: collator::read_next_externals: externals count: 4 anchor_id=24 msgs_read_offset_in_last_anchor=0
2025-11-11T20:38:02.428665Z TRACE read_externals_into_buffers: collator::read_next_externals: read ext_msg dst: 0:0101010101010101010101010101010101010101010101010101010101010101 anchor_id=24
2025-11-11T20:38:02.428671Z TRACE read_externals_into_buffers: collator::read_next_externals: imported ext_msg dst: 0:0101010101010101010101010101010101010101010101010101010101010101 anchor_id=24
2025-11-11T20:38:02.428675Z TRACE read_externals_into_buffers: collator::read_next_externals: read ext_msg dst: 0:0202020202020202020202020202020202020202020202020202020202020202 anchor_id=24
2025-11-11T20:38:02.428685Z DEBUG read_externals_into_buffers: collator::read_next_externals: anchor_id=24 msgs_read_offset_in_last_anchor=1 msgs_imported_from_last_anchor=1
2025-11-11T20:38:02.428692Z DEBUG read_externals_into_buffers: collator: externals reader: messages buffers filled up to limits max_msgs_limits=[(0, 12), (1, 12)] reader_state= { range: ExternalsReaderRange { from: (0, 0), to: (24, 1), current_position: (24, 1), chain_time: 76384 }, by_partitions: [(0,  { skip_offset: 0, processed_offset: 0, buffer.msgs_count: 12 }), (1,  { skip_offset: 0, processed_offset: 0, buffer.msgs_count: 5 })] }
2025-11-11T20:38:02.428706Z  INFO read_externals_into_buffers: collator::read_next_externals: total_msgs_imported=17 count_expired_messages=0 has_pending_externals_in_last_read_anchor=true has_pending_externals_in_range=true read_mode=ToTheEnd
read_ext_msgs_count: 17
externals_reader_state.by_partitions: {0: ExternalsReaderStateByPartition { processed_to: (0, 0), curr_processed_offset: 0 }, 1: ExternalsReaderStateByPartition { processed_to: (0, 0), curr_processed_offset: 0 }}
range_reader (seqno=1): fully_read=false, state= { range: ExternalsReaderRange { from: (0, 0), to: (24, 1), current_position: (24, 1), chain_time: 76384 }, by_partitions: [(0,  { skip_offset: 0, processed_offset: 0, buffer.msgs_count: 12 }), (1,  { skip_offset: 0, processed_offset: 0, buffer.msgs_count: 5 })] }
